0 info it worked if it ends with ok
1 verbose cli [ 'node',
1 verbose cli   '/usr/local/bin/npm',
1 verbose cli   'install',
1 verbose cli   'karma-requirejs',
1 verbose cli   '--save-dev' ]
2 info using npm@1.4.16
3 info using node@v0.10.26
4 verbose readDependencies using package.json deps
5 verbose cache add [ 'karma-requirejs', null ]
6 verbose cache add name=undefined spec="karma-requirejs" args=["karma-requirejs",null]
7 verbose parsed url { protocol: null,
7 verbose parsed url   slashes: null,
7 verbose parsed url   auth: null,
7 verbose parsed url   host: null,
7 verbose parsed url   port: null,
7 verbose parsed url   hostname: null,
7 verbose parsed url   hash: null,
7 verbose parsed url   search: null,
7 verbose parsed url   query: null,
7 verbose parsed url   pathname: 'karma-requirejs',
7 verbose parsed url   path: 'karma-requirejs',
7 verbose parsed url   href: 'karma-requirejs' }
8 silly lockFile 9d3dc47c-karma-requirejs karma-requirejs
9 verbose lock karma-requirejs /Users/entaroadun/.npm/9d3dc47c-karma-requirejs.lock
10 silly lockFile 9d3dc47c-karma-requirejs karma-requirejs
11 error Error: Attempt to unlock karma-requirejs, which hasn't been locked
11 error     at unlock (/usr/local/lib/node_modules/npm/lib/utils/locker.js:44:11)
11 error     at cb (/usr/local/lib/node_modules/npm/lib/cache/add-local.js:30:5)
11 error     at /usr/local/lib/node_modules/npm/lib/cache/add-local.js:47:20
11 error     at /usr/local/lib/node_modules/npm/lib/utils/locker.js:30:7
11 error     at /usr/local/lib/node_modules/npm/node_modules/lockfile/lockfile.js:167:38
11 error     at Object.oncomplete (fs.js:107:15)
12 error If you need help, you may report this *entire* log,
12 error including the npm and node versions, at:
12 error     <http://github.com/npm/npm/issues>
13 error System Darwin 13.4.0
14 error command "node" "/usr/local/bin/npm" "install" "karma-requirejs" "--save-dev"
15 error cwd /Users/entaroadun/Projects/workspace-sts-3.1.0.RELEASE/javascript/data-structures/stack
16 error node -v v0.10.26
17 error npm -v 1.4.16
18 verbose exit [ 1, true ]
